0x80000000:jal    zero,0x00050        pc=0x800000a0,zero=0x80000004
0x800000a0:auipc  sp,0x00008          sp=0x800000a0+0x00008000=0x800080a0
0x800000a4:addi   sp,sp,0xf60         sp=0x800080a0+0xffffff60=0x80008000
0x800000a8:jal    ra,0xfffcc          pc=0x80000040,ra=0x800000ac
0x80000040:auipc  a0,0x00000          a0=0x80000040+0x00000000=0x80000040
0x80000044:addi   a0,a0,0x0fc         a0=0x80000040+0x000000fc=0x8000013c
0x80000048:auipc  a1,0x00000          a1=0x80000048+0x00000000=0x80000048
0x8000004c:addi   a1,a1,0x0f4         a1=0x80000048+0x000000f4=0x8000013c
0x80000050:sw     zero,0x000(a0)      mem[0x8000013c]=0x00000000
0x80000054:addi   a0,a0,0x004         a0=0x8000013c+0x00000004=0x80000140
0x80000058:blt    a0,a1,0xffc         (0x80000140<0x8000013c)=0->pc=0x8000005c
0x8000005c:jalr   zero,ra,0x000       pc=0x800000ac+0x00000000,zero=0x80000060
0x800000ac:jal    ra,0x0002c          pc=0x80000104,ra=0x800000b0
0x80000104:addi   sp,sp,0xff0         sp=0x80008000+0xfffffff0=0x80007ff0
0x80000108:sw     ra,0x000(sp)        mem[0x80007ff0]=0x800000b0
0x8000010c:addi   a0,zero,0xfff       a0=0x00000000+0xffffffff=0xffffffff
0x80000110:lui    a1,0x0012d          a1=0x0012d000
0x80000114:addi   a1,a1,0x687         a1=0x0012d000+0x00000687=0x0012d687
0x80000118:lui    a2,0x0096b          a2=0x0096b000
0x8000011c:addi   a2,a2,0x43f         a2=0x0096b000+0x0000043f=0x0096b43f
0x80000120:jal    ra,0xfffcc          pc=0x800000b8,ra=0x80000124
0x800000b8:mul    t0,a0,a1            t0=0xffffffff*0x0012d687=0xffed2979
0x800000bc:mulh   t1,t0,a2            t1=0xffed2979*0x0096b43f=0xfffff4e9
0x800000c0:mulhsu t2,a1,t0            t2=0x0012d687*0xffed2979=0x0012d524
0x800000c4:mulhu  t3,a1,a2            t3=0x0012d687*0x0096b43f=0x00000b16
0x800000c8:jalr   zero,ra,0x000       pc=0x80000124+0x00000000,zero=0x800000cc
0x80000124:jal    ra,0xfffd4          pc=0x800000cc,ra=0x80000128
0x800000cc:div    t0,a1,a0            t0=0x0012d687/0xffffffff=0xffed2979
0x800000d0:div    t1,a0,a0            t1=0xffffffff/0xffffffff=0x00000001
0x800000d4:div    t2,a1,zero          t2=0x0012d687/0x00000000=0xffffffff
0x800000d8:divu   t3,a1,a2            t3=0x0012d687/0x0096b43f=0x00000000
0x800000dc:divu   t4,a2,a0            t4=0x0096b43f/0xffffffff=0x00000000
0x800000e0:divu   t5,a0,zero          t5=0xffffffff/0x00000000=0xffffffff
0x800000e4:jalr   zero,ra,0x000       pc=0x80000128+0x00000000,zero=0x800000e8
0x80000128:jal    ra,0xfffe0          pc=0x800000e8,ra=0x8000012c
0x800000e8:rem    t0,a1,a0            t0=0x0012d687%0xffffffff=0x00000000
0x800000ec:rem    t1,a1,a2            t1=0x0012d687%0x0096b43f=0x0012d687
0x800000f0:rem    t2,a2,zero          t2=0x0096b43f%0x00000000=0x0096b43f
0x800000f4:remu   t3,a0,a1            t3=0xffffffff%0x0012d687=0x001171e5
0x800000f8:remu   t4,a2,a1            t4=0x0096b43f%0x0012d687=0x00000007
0x800000fc:remu   t5,a1,zero          t5=0x0012d687%0x00000000=0x0012d687
0x80000100:jalr   zero,ra,0x000       pc=0x8000012c+0x00000000,zero=0x80000104
0x8000012c:lw     ra,0x000(sp)        ra=mem[0x80007ff0]=0x800000b0
0x80000130:addi   sp,sp,0x010         sp=0x80007ff0+0x00000010=0x80008000
0x80000134:addi   a0,zero,0x000       a0=0x00000000+0x00000000=0x00000000
0x80000138:jalr   zero,ra,0x000       pc=0x800000b0+0x00000000,zero=0x8000013c
0x800000b0:jal    zero,0xfffd8        pc=0x80000060,zero=0x800000b4
0x80000060:addi   sp,sp,0xff0         sp=0x80008000+0xfffffff0=0x80007ff0
0x80000064:sw     a0,0x004(sp)        mem[0x80007ff4]=0x00000000
0x80000068:addi   a0,zero,0x020       a0=0x00000000+0x00000020=0x00000020
0x8000006c:lui    a1,0x00020          a1=0x00020000
0x80000070:addi   a1,a1,0x026         a1=0x00020000+0x00000026=0x00020026
0x80000074:sw     a1,0x000(sp)        mem[0x80007ff0]=0x00020026
0x80000078:add    a1,zero,sp          a1=0x00000000+0x80007ff0=0x80007ff0
0x8000007c:jal    ra,0x0000a          pc=0x80000090,ra=0x80000080
0x80000090:slli   zero,zero,31        zero=0x00000000<<31=0x00000000
0x80000094:ebreak