0x80000000:jal    zero,0x00050        pc=0x800000a0,zero=0x80000004
0x800000a0:auipc  sp,0x00008          sp=0x800000a0+0x00008000=0x800080a0
0x800000a4:addi   sp,sp,0xf60         sp=0x800080a0+0xffffff60=0x80008000
0x800000a8:jal    ra,0xfffcc          pc=0x80000040,ra=0x800000ac
0x80000040:auipc  a0,0x00000          a0=0x80000040+0x00000000=0x80000040
0x80000044:addi   a0,a0,0x164         a0=0x80000040+0x00000164=0x800001a4
0x80000048:auipc  a1,0x00000          a1=0x80000048+0x00000000=0x80000048
0x8000004c:addi   a1,a1,0x15c         a1=0x80000048+0x0000015c=0x800001a4
0x80000050:sw     zero,0x000(a0)      mem[0x800001a4]=0x00000000
0x80000054:addi   a0,a0,0x004         a0=0x800001a4+0x00000004=0x800001a8
0x80000058:blt    a0,a1,0xffc         (0x800001a8<0x800001a4)=0->pc=0x8000005c
0x8000005c:jalr   zero,ra,0x000       pc=0x800000ac+0x00000000,zero=0x80000060
0x800000ac:jal    ra,0x00022          pc=0x800000f0,ra=0x800000b0
0x800000f0:addi   sp,sp,0xff0         sp=0x80008000+0xfffffff0=0x80007ff0
0x800000f4:sw     ra,0x000(sp)        mem[0x80007ff0]=0x800000b0
0x800000f8:lui    a0,0x10000          a0=0x10000000
0x800000fc:auipc  a1,0x00000          a1=0x800000fc+0x00000000=0x800000fc
0x80000100:addi   a1,a1,0x044         a1=0x800000fc+0x00000044=0x80000140
0x80000104:jal    ra,0xfffe6          pc=0x800000d0,ra=0x80000108
0x800000d0:lb     t0,0x000(a0)        t0=mem[0x10000000]=0x00000050
0x800000d4:sb     t0,0x000(a1)        mem[0x80000140]=0x50
0x800000d8:addi   a1,a1,0x001         a1=0x80000140+0x00000001=0x80000141
0x800000dc:lb     t0,0x005(a0)        t0=mem[0x10000005]=0x00000061
0x800000e0:andi   t0,t0,0x001         t0=0x00000061&0x00000001=0x00000001
0x800000e4:bne    t0,zero,0xff6       (0x00000001!=0x00000000)=1->pc=0x800000d0
0x800000d0:lb     t0,0x000(a0)        t0=mem[0x10000000]=0x0000006f
0x800000d4:sb     t0,0x000(a1)        mem[0x80000141]=0x6f
0x800000d8:addi   a1,a1,0x001         a1=0x80000141+0x00000001=0x80000142
0x800000dc:lb     t0,0x005(a0)        t0=mem[0x10000005]=0x00000061
0x800000e0:andi   t0,t0,0x001         t0=0x00000061&0x00000001=0x00000001
0x800000e4:bne    t0,zero,0xff6       (0x00000001!=0x00000000)=1->pc=0x800000d0
0x800000d0:lb     t0,0x000(a0)        t0=mem[0x10000000]=0x00000078
0x800000d4:sb     t0,0x000(a1)        mem[0x80000142]=0x78
0x800000d8:addi   a1,a1,0x001         a1=0x80000142+0x00000001=0x80000143
0x800000dc:lb     t0,0x005(a0)        t0=mem[0x10000005]=0x00000061
0x800000e0:andi   t0,t0,0x001         t0=0x00000061&0x00000001=0x00000001
0x800000e4:bne    t0,zero,0xff6       (0x00000001!=0x00000000)=1->pc=0x800000d0
0x800000d0:lb     t0,0x000(a0)        t0=mem[0x10000000]=0x00000069
0x800000d4:sb     t0,0x000(a1)        mem[0x80000143]=0x69
0x800000d8:addi   a1,a1,0x001         a1=0x80000143+0x00000001=0x80000144
0x800000dc:lb     t0,0x005(a0)        t0=mem[0x10000005]=0x00000061
0x800000e0:andi   t0,t0,0x001         t0=0x00000061&0x00000001=0x00000001
0x800000e4:bne    t0,zero,0xff6       (0x00000001!=0x00000000)=1->pc=0x800000d0
0x800000d0:lb     t0,0x000(a0)        t0=mem[0x10000000]=0x0000006d
0x800000d4:sb     t0,0x000(a1)        mem[0x80000144]=0x6d
0x800000d8:addi   a1,a1,0x001         a1=0x80000144+0x00000001=0x80000145
0x800000dc:lb     t0,0x005(a0)        t0=mem[0x10000005]=0x00000061
0x800000e0:andi   t0,t0,0x001         t0=0x00000061&0x00000001=0x00000001
0x800000e4:bne    t0,zero,0xff6       (0x00000001!=0x00000000)=1->pc=0x800000d0
0x800000d0:lb     t0,0x000(a0)        t0=mem[0x10000000]=0x0000002d
0x800000d4:sb     t0,0x000(a1)        mem[0x80000145]=0x2d
0x800000d8:addi   a1,a1,0x001         a1=0x80000145+0x00000001=0x80000146
0x800000dc:lb     t0,0x005(a0)        t0=mem[0x10000005]=0x00000061
0x800000e0:andi   t0,t0,0x001         t0=0x00000061&0x00000001=0x00000001
0x800000e4:bne    t0,zero,0xff6       (0x00000001!=0x00000000)=1->pc=0x800000d0
0x800000d0:lb     t0,0x000(a0)        t0=mem[0x10000000]=0x00000056
0x800000d4:sb     t0,0x000(a1)        mem[0x80000146]=0x56
0x800000d8:addi   a1,a1,0x001         a1=0x80000146+0x00000001=0x80000147
0x800000dc:lb     t0,0x005(a0)        t0=mem[0x10000005]=0x00000061
0x800000e0:andi   t0,t0,0x001         t0=0x00000061&0x00000001=0x00000001
0x800000e4:bne    t0,zero,0xff6       (0x00000001!=0x00000000)=1->pc=0x800000d0
0x800000d0:lb     t0,0x000(a0)        t0=mem[0x10000000]=0x00000020
0x800000d4:sb     t0,0x000(a1)        mem[0x80000147]=0x20
0x800000d8:addi   a1,a1,0x001         a1=0x80000147+0x00000001=0x80000148
0x800000dc:lb     t0,0x005(a0)        t0=mem[0x10000005]=0x00000061
0x800000e0:andi   t0,t0,0x001         t0=0x00000061&0x00000001=0x00000001
0x800000e4:bne    t0,zero,0xff6       (0x00000001!=0x00000000)=1->pc=0x800000d0
0x800000d0:lb     t0,0x000(a0)        t0=mem[0x10000000]=0x00000073
0x800000d4:sb     t0,0x000(a1)        mem[0x80000148]=0x73
0x800000d8:addi   a1,a1,0x001         a1=0x80000148+0x00000001=0x80000149
0x800000dc:lb     t0,0x005(a0)        t0=mem[0x10000005]=0x00000061
0x800000e0:andi   t0,t0,0x001         t0=0x00000061&0x00000001=0x00000001
0x800000e4:bne    t0,zero,0xff6       (0x00000001!=0x00000000)=1->pc=0x800000d0
0x800000d0:lb     t0,0x000(a0)        t0=mem[0x10000000]=0x00000065
0x800000d4:sb     t0,0x000(a1)        mem[0x80000149]=0x65
0x800000d8:addi   a1,a1,0x001         a1=0x80000149+0x00000001=0x8000014a
0x800000dc:lb     t0,0x005(a0)        t0=mem[0x10000005]=0x00000061
0x800000e0:andi   t0,t0,0x001         t0=0x00000061&0x00000001=0x00000001
0x800000e4:bne    t0,zero,0xff6       (0x00000001!=0x00000000)=1->pc=0x800000d0
0x800000d0:lb     t0,0x000(a0)        t0=mem[0x10000000]=0x00000072
0x800000d4:sb     t0,0x000(a1)        mem[0x8000014a]=0x72
0x800000d8:addi   a1,a1,0x001         a1=0x8000014a+0x00000001=0x8000014b
0x800000dc:lb     t0,0x005(a0)        t0=mem[0x10000005]=0x00000061
0x800000e0:andi   t0,t0,0x001         t0=0x00000061&0x00000001=0x00000001
0x800000e4:bne    t0,zero,0xff6       (0x00000001!=0x00000000)=1->pc=0x800000d0
0x800000d0:lb     t0,0x000(a0)        t0=mem[0x10000000]=0x00000069
0x800000d4:sb     t0,0x000(a1)        mem[0x8000014b]=0x69
0x800000d8:addi   a1,a1,0x001         a1=0x8000014b+0x00000001=0x8000014c
0x800000dc:lb     t0,0x005(a0)        t0=mem[0x10000005]=0x00000061
0x800000e0:andi   t0,t0,0x001         t0=0x00000061&0x00000001=0x00000001
0x800000e4:bne    t0,zero,0xff6       (0x00000001!=0x00000000)=1->pc=0x800000d0
0x800000d0:lb     t0,0x000(a0)        t0=mem[0x10000000]=0x00000061
0x800000d4:sb     t0,0x000(a1)        mem[0x8000014c]=0x61
0x800000d8:addi   a1,a1,0x001         a1=0x8000014c+0x00000001=0x8000014d
0x800000dc:lb     t0,0x005(a0)        t0=mem[0x10000005]=0x00000061
0x800000e0:andi   t0,t0,0x001         t0=0x00000061&0x00000001=0x00000001
0x800000e4:bne    t0,zero,0xff6       (0x00000001!=0x00000000)=1->pc=0x800000d0
0x800000d0:lb     t0,0x000(a0)        t0=mem[0x10000000]=0x0000006c
0x800000d4:sb     t0,0x000(a1)        mem[0x8000014d]=0x6c
0x800000d8:addi   a1,a1,0x001         a1=0x8000014d+0x00000001=0x8000014e
0x800000dc:lb     t0,0x005(a0)        t0=mem[0x10000005]=0x00000061
0x800000e0:andi   t0,t0,0x001         t0=0x00000061&0x00000001=0x00000001
0x800000e4:bne    t0,zero,0xff6       (0x00000001!=0x00000000)=1->pc=0x800000d0
0x800000d0:lb     t0,0x000(a0)        t0=mem[0x10000000]=0x0000006c
0x800000d4:sb     t0,0x000(a1)        mem[0x8000014e]=0x6c
0x800000d8:addi   a1,a1,0x001         a1=0x8000014e+0x00000001=0x8000014f
0x800000dc:lb     t0,0x005(a0)        t0=mem[0x10000005]=0x00000061
0x800000e0:andi   t0,t0,0x001         t0=0x00000061&0x00000001=0x00000001
0x800000e4:bne    t0,zero,0xff6       (0x00000001!=0x00000000)=1->pc=0x800000d0
0x800000d0:lb     t0,0x000(a0)        t0=mem[0x10000000]=0x00000079
0x800000d4:sb     t0,0x000(a1)        mem[0x8000014f]=0x79
0x800000d8:addi   a1,a1,0x001         a1=0x8000014f+0x00000001=0x80000150
0x800000dc:lb     t0,0x005(a0)        t0=mem[0x10000005]=0x00000061
0x800000e0:andi   t0,t0,0x001         t0=0x00000061&0x00000001=0x00000001
0x800000e4:bne    t0,zero,0xff6       (0x00000001!=0x00000000)=1->pc=0x800000d0
0x800000d0:lb     t0,0x000(a0)        t0=mem[0x10000000]=0x00000020
0x800000d4:sb     t0,0x000(a1)        mem[0x80000150]=0x20
0x800000d8:addi   a1,a1,0x001         a1=0x80000150+0x00000001=0x80000151
0x800000dc:lb     t0,0x005(a0)        t0=mem[0x10000005]=0x00000061
0x800000e0:andi   t0,t0,0x001         t0=0x00000061&0x00000001=0x00000001
0x800000e4:bne    t0,zero,0xff6       (0x00000001!=0x00000000)=1->pc=0x800000d0
0x800000d0:lb     t0,0x000(a0)        t0=mem[0x10000000]=0x00000073
0x800000d4:sb     t0,0x000(a1)        mem[0x80000151]=0x73
0x800000d8:addi   a1,a1,0x001         a1=0x80000151+0x00000001=0x80000152
0x800000dc:lb     t0,0x005(a0)        t0=mem[0x10000005]=0x00000061
0x800000e0:andi   t0,t0,0x001         t0=0x00000061&0x00000001=0x00000001
0x800000e4:bne    t0,zero,0xff6       (0x00000001!=0x00000000)=1->pc=0x800000d0
0x800000d0:lb     t0,0x000(a0)        t0=mem[0x10000000]=0x00000061
0x800000d4:sb     t0,0x000(a1)        mem[0x80000152]=0x61
0x800000d8:addi   a1,a1,0x001         a1=0x80000152+0x00000001=0x80000153
0x800000dc:lb     t0,0x005(a0)        t0=mem[0x10000005]=0x00000061
0x800000e0:andi   t0,t0,0x001         t0=0x00000061&0x00000001=0x00000001
0x800000e4:bne    t0,zero,0xff6       (0x00000001!=0x00000000)=1->pc=0x800000d0
0x800000d0:lb     t0,0x000(a0)        t0=mem[0x10000000]=0x00000079
0x800000d4:sb     t0,0x000(a1)        mem[0x80000153]=0x79
0x800000d8:addi   a1,a1,0x001         a1=0x80000153+0x00000001=0x80000154
0x800000dc:lb     t0,0x005(a0)        t0=mem[0x10000005]=0x00000061
0x800000e0:andi   t0,t0,0x001         t0=0x00000061&0x00000001=0x00000001
0x800000e4:bne    t0,zero,0xff6       (0x00000001!=0x00000000)=1->pc=0x800000d0
0x800000d0:lb     t0,0x000(a0)        t0=mem[0x10000000]=0x00000073
0x800000d4:sb     t0,0x000(a1)        mem[0x80000154]=0x73
0x800000d8:addi   a1,a1,0x001         a1=0x80000154+0x00000001=0x80000155
0x800000dc:lb     t0,0x005(a0)        t0=mem[0x10000005]=0x00000061
0x800000e0:andi   t0,t0,0x001         t0=0x00000061&0x00000001=0x00000001
0x800000e4:bne    t0,zero,0xff6       (0x00000001!=0x00000000)=1->pc=0x800000d0
0x800000d0:lb     t0,0x000(a0)        t0=mem[0x10000000]=0x0000003a
0x800000d4:sb     t0,0x000(a1)        mem[0x80000155]=0x3a
0x800000d8:addi   a1,a1,0x001         a1=0x80000155+0x00000001=0x80000156
0x800000dc:lb     t0,0x005(a0)        t0=mem[0x10000005]=0x00000061
0x800000e0:andi   t0,t0,0x001         t0=0x00000061&0x00000001=0x00000001
0x800000e4:bne    t0,zero,0xff6       (0x00000001!=0x00000000)=1->pc=0x800000d0
0x800000d0:lb     t0,0x000(a0)        t0=mem[0x10000000]=0x00000020
0x800000d4:sb     t0,0x000(a1)        mem[0x80000156]=0x20
0x800000d8:addi   a1,a1,0x001         a1=0x80000156+0x00000001=0x80000157
0x800000dc:lb     t0,0x005(a0)        t0=mem[0x10000005]=0x00000060
0x800000e0:andi   t0,t0,0x001         t0=0x00000060&0x00000001=0x00000000
0x800000e4:bne    t0,zero,0xff6       (0x00000000!=0x00000000)=0->pc=0x800000e8
0x800000e8:sb     zero,0x000(a1)      mem[0x80000157]=0x00
0x800000ec:jalr   zero,ra,0x000       pc=0x80000108+0x00000000,zero=0x800000f0
0x80000108:auipc  a1,0x00000          a1=0x80000108+0x00000000=0x80000108
0x8000010c:addi   a1,a1,0x038         a1=0x80000108+0x00000038=0x80000140
0x80000110:jal    ra,0xfffd4          pc=0x800000b8,ra=0x80000114
0x800000b8:lb     t0,0x000(a1)        t0=mem[0x80000140]=0x00000050
0x800000bc:beq    t0,zero,0x008       (0x00000050==0x00000000)=0->pc=0x800000c0
0x800000c0:sb     t0,0x000(a0)        mem[0x10000000]=0x50
0x800000c4:addi   a1,a1,0x001         a1=0x80000140+0x00000001=0x80000141
0x800000c8:jal    zero,0xffff8        pc=0x800000b8,zero=0x800000cc
0x800000b8:lb     t0,0x000(a1)        t0=mem[0x80000141]=0x0000006f
0x800000bc:beq    t0,zero,0x008       (0x0000006f==0x00000000)=0->pc=0x800000c0
0x800000c0:sb     t0,0x000(a0)        mem[0x10000000]=0x6f
0x800000c4:addi   a1,a1,0x001         a1=0x80000141+0x00000001=0x80000142
0x800000c8:jal    zero,0xffff8        pc=0x800000b8,zero=0x800000cc
0x800000b8:lb     t0,0x000(a1)        t0=mem[0x80000142]=0x00000078
0x800000bc:beq    t0,zero,0x008       (0x00000078==0x00000000)=0->pc=0x800000c0
0x800000c0:sb     t0,0x000(a0)        mem[0x10000000]=0x78
0x800000c4:addi   a1,a1,0x001         a1=0x80000142+0x00000001=0x80000143
0x800000c8:jal    zero,0xffff8        pc=0x800000b8,zero=0x800000cc
0x800000b8:lb     t0,0x000(a1)        t0=mem[0x80000143]=0x00000069
0x800000bc:beq    t0,zero,0x008       (0x00000069==0x00000000)=0->pc=0x800000c0
0x800000c0:sb     t0,0x000(a0)        mem[0x10000000]=0x69
0x800000c4:addi   a1,a1,0x001         a1=0x80000143+0x00000001=0x80000144
0x800000c8:jal    zero,0xffff8        pc=0x800000b8,zero=0x800000cc
0x800000b8:lb     t0,0x000(a1)        t0=mem[0x80000144]=0x0000006d
0x800000bc:beq    t0,zero,0x008       (0x0000006d==0x00000000)=0->pc=0x800000c0
0x800000c0:sb     t0,0x000(a0)        mem[0x10000000]=0x6d
0x800000c4:addi   a1,a1,0x001         a1=0x80000144+0x00000001=0x80000145
0x800000c8:jal    zero,0xffff8        pc=0x800000b8,zero=0x800000cc
0x800000b8:lb     t0,0x000(a1)        t0=mem[0x80000145]=0x0000002d
0x800000bc:beq    t0,zero,0x008       (0x0000002d==0x00000000)=0->pc=0x800000c0
0x800000c0:sb     t0,0x000(a0)        mem[0x10000000]=0x2d
0x800000c4:addi   a1,a1,0x001         a1=0x80000145+0x00000001=0x80000146
0x800000c8:jal    zero,0xffff8        pc=0x800000b8,zero=0x800000cc
0x800000b8:lb     t0,0x000(a1)        t0=mem[0x80000146]=0x00000056
0x800000bc:beq    t0,zero,0x008       (0x00000056==0x00000000)=0->pc=0x800000c0
0x800000c0:sb     t0,0x000(a0)        mem[0x10000000]=0x56
0x800000c4:addi   a1,a1,0x001         a1=0x80000146+0x00000001=0x80000147
0x800000c8:jal    zero,0xffff8        pc=0x800000b8,zero=0x800000cc
0x800000b8:lb     t0,0x000(a1)        t0=mem[0x80000147]=0x00000020
0x800000bc:beq    t0,zero,0x008       (0x00000020==0x00000000)=0->pc=0x800000c0
0x800000c0:sb     t0,0x000(a0)        mem[0x10000000]=0x20
0x800000c4:addi   a1,a1,0x001         a1=0x80000147+0x00000001=0x80000148
0x800000c8:jal    zero,0xffff8        pc=0x800000b8,zero=0x800000cc
0x800000b8:lb     t0,0x000(a1)        t0=mem[0x80000148]=0x00000073
0x800000bc:beq    t0,zero,0x008       (0x00000073==0x00000000)=0->pc=0x800000c0
0x800000c0:sb     t0,0x000(a0)        mem[0x10000000]=0x73
0x800000c4:addi   a1,a1,0x001         a1=0x80000148+0x00000001=0x80000149
0x800000c8:jal    zero,0xffff8        pc=0x800000b8,zero=0x800000cc
0x800000b8:lb     t0,0x000(a1)        t0=mem[0x80000149]=0x00000065
0x800000bc:beq    t0,zero,0x008       (0x00000065==0x00000000)=0->pc=0x800000c0
0x800000c0:sb     t0,0x000(a0)        mem[0x10000000]=0x65
0x800000c4:addi   a1,a1,0x001         a1=0x80000149+0x00000001=0x8000014a
0x800000c8:jal    zero,0xffff8        pc=0x800000b8,zero=0x800000cc
0x800000b8:lb     t0,0x000(a1)        t0=mem[0x8000014a]=0x00000072
0x800000bc:beq    t0,zero,0x008       (0x00000072==0x00000000)=0->pc=0x800000c0
0x800000c0:sb     t0,0x000(a0)        mem[0x10000000]=0x72
0x800000c4:addi   a1,a1,0x001         a1=0x8000014a+0x00000001=0x8000014b
0x800000c8:jal    zero,0xffff8        pc=0x800000b8,zero=0x800000cc
0x800000b8:lb     t0,0x000(a1)        t0=mem[0x8000014b]=0x00000069
0x800000bc:beq    t0,zero,0x008       (0x00000069==0x00000000)=0->pc=0x800000c0
0x800000c0:sb     t0,0x000(a0)        mem[0x10000000]=0x69
0x800000c4:addi   a1,a1,0x001         a1=0x8000014b+0x00000001=0x8000014c
0x800000c8:jal    zero,0xffff8        pc=0x800000b8,zero=0x800000cc
0x800000b8:lb     t0,0x000(a1)        t0=mem[0x8000014c]=0x00000061
0x800000bc:beq    t0,zero,0x008       (0x00000061==0x00000000)=0->pc=0x800000c0
0x800000c0:sb     t0,0x000(a0)        mem[0x10000000]=0x61
0x800000c4:addi   a1,a1,0x001         a1=0x8000014c+0x00000001=0x8000014d
0x800000c8:jal    zero,0xffff8        pc=0x800000b8,zero=0x800000cc
0x800000b8:lb     t0,0x000(a1)        t0=mem[0x8000014d]=0x0000006c
0x800000bc:beq    t0,zero,0x008       (0x0000006c==0x00000000)=0->pc=0x800000c0
0x800000c0:sb     t0,0x000(a0)        mem[0x10000000]=0x6c
0x800000c4:addi   a1,a1,0x001         a1=0x8000014d+0x00000001=0x8000014e
0x800000c8:jal    zero,0xffff8        pc=0x800000b8,zero=0x800000cc
0x800000b8:lb     t0,0x000(a1)        t0=mem[0x8000014e]=0x0000006c
0x800000bc:beq    t0,zero,0x008       (0x0000006c==0x00000000)=0->pc=0x800000c0
0x800000c0:sb     t0,0x000(a0)        mem[0x10000000]=0x6c
0x800000c4:addi   a1,a1,0x001         a1=0x8000014e+0x00000001=0x8000014f
0x800000c8:jal    zero,0xffff8        pc=0x800000b8,zero=0x800000cc
0x800000b8:lb     t0,0x000(a1)        t0=mem[0x8000014f]=0x00000079
0x800000bc:beq    t0,zero,0x008       (0x00000079==0x00000000)=0->pc=0x800000c0
0x800000c0:sb     t0,0x000(a0)        mem[0x10000000]=0x79
0x800000c4:addi   a1,a1,0x001         a1=0x8000014f+0x00000001=0x80000150
0x800000c8:jal    zero,0xffff8        pc=0x800000b8,zero=0x800000cc
0x800000b8:lb     t0,0x000(a1)        t0=mem[0x80000150]=0x00000020
0x800000bc:beq    t0,zero,0x008       (0x00000020==0x00000000)=0->pc=0x800000c0
0x800000c0:sb     t0,0x000(a0)        mem[0x10000000]=0x20
0x800000c4:addi   a1,a1,0x001         a1=0x80000150+0x00000001=0x80000151
0x800000c8:jal    zero,0xffff8        pc=0x800000b8,zero=0x800000cc
0x800000b8:lb     t0,0x000(a1)        t0=mem[0x80000151]=0x00000073
0x800000bc:beq    t0,zero,0x008       (0x00000073==0x00000000)=0->pc=0x800000c0
0x800000c0:sb     t0,0x000(a0)        mem[0x10000000]=0x73
0x800000c4:addi   a1,a1,0x001         a1=0x80000151+0x00000001=0x80000152
0x800000c8:jal    zero,0xffff8        pc=0x800000b8,zero=0x800000cc
0x800000b8:lb     t0,0x000(a1)        t0=mem[0x80000152]=0x00000061
0x800000bc:beq    t0,zero,0x008       (0x00000061==0x00000000)=0->pc=0x800000c0
0x800000c0:sb     t0,0x000(a0)        mem[0x10000000]=0x61
0x800000c4:addi   a1,a1,0x001         a1=0x80000152+0x00000001=0x80000153
0x800000c8:jal    zero,0xffff8        pc=0x800000b8,zero=0x800000cc
0x800000b8:lb     t0,0x000(a1)        t0=mem[0x80000153]=0x00000079
0x800000bc:beq    t0,zero,0x008       (0x00000079==0x00000000)=0->pc=0x800000c0
0x800000c0:sb     t0,0x000(a0)        mem[0x10000000]=0x79
0x800000c4:addi   a1,a1,0x001         a1=0x80000153+0x00000001=0x80000154
0x800000c8:jal    zero,0xffff8        pc=0x800000b8,zero=0x800000cc
0x800000b8:lb     t0,0x000(a1)        t0=mem[0x80000154]=0x00000073
0x800000bc:beq    t0,zero,0x008       (0x00000073==0x00000000)=0->pc=0x800000c0
0x800000c0:sb     t0,0x000(a0)        mem[0x10000000]=0x73
0x800000c4:addi   a1,a1,0x001         a1=0x80000154+0x00000001=0x80000155
0x800000c8:jal    zero,0xffff8        pc=0x800000b8,zero=0x800000cc
0x800000b8:lb     t0,0x000(a1)        t0=mem[0x80000155]=0x0000003a
0x800000bc:beq    t0,zero,0x008       (0x0000003a==0x00000000)=0->pc=0x800000c0
0x800000c0:sb     t0,0x000(a0)        mem[0x10000000]=0x3a
0x800000c4:addi   a1,a1,0x001         a1=0x80000155+0x00000001=0x80000156
0x800000c8:jal    zero,0xffff8        pc=0x800000b8,zero=0x800000cc
0x800000b8:lb     t0,0x000(a1)        t0=mem[0x80000156]=0x00000020
0x800000bc:beq    t0,zero,0x008       (0x00000020==0x00000000)=0->pc=0x800000c0
0x800000c0:sb     t0,0x000(a0)        mem[0x10000000]=0x20
0x800000c4:addi   a1,a1,0x001         a1=0x80000156+0x00000001=0x80000157
0x800000c8:jal    zero,0xffff8        pc=0x800000b8,zero=0x800000cc
0x800000b8:lb     t0,0x000(a1)        t0=mem[0x80000157]=0x00000000
0x800000bc:beq    t0,zero,0x008       (0x00000000==0x00000000)=1->pc=0x800000cc
0x800000cc:jalr   zero,ra,0x000       pc=0x80000114+0x00000000,zero=0x800000d0
0x80000114:auipc  a1,0x00000          a1=0x80000114+0x00000000=0x80000114
0x80000118:addi   a1,a1,0x01c         a1=0x80000114+0x0000001c=0x80000130
0x8000011c:jal    ra,0xfffce          pc=0x800000b8,ra=0x80000120
0x800000b8:lb     t0,0x000(a1)        t0=mem[0x80000130]=0x00000048
0x800000bc:beq    t0,zero,0x008       (0x00000048==0x00000000)=0->pc=0x800000c0
0x800000c0:sb     t0,0x000(a0)        mem[0x10000000]=0x48
0x800000c4:addi   a1,a1,0x001         a1=0x80000130+0x00000001=0x80000131
0x800000c8:jal    zero,0xffff8        pc=0x800000b8,zero=0x800000cc
0x800000b8:lb     t0,0x000(a1)        t0=mem[0x80000131]=0x00000065
0x800000bc:beq    t0,zero,0x008       (0x00000065==0x00000000)=0->pc=0x800000c0
0x800000c0:sb     t0,0x000(a0)        mem[0x10000000]=0x65
0x800000c4:addi   a1,a1,0x001         a1=0x80000131+0x00000001=0x80000132
0x800000c8:jal    zero,0xffff8        pc=0x800000b8,zero=0x800000cc
0x800000b8:lb     t0,0x000(a1)        t0=mem[0x80000132]=0x0000006c
0x800000bc:beq    t0,zero,0x008       (0x0000006c==0x00000000)=0->pc=0x800000c0
0x800000c0:sb     t0,0x000(a0)        mem[0x10000000]=0x6c
0x800000c4:addi   a1,a1,0x001         a1=0x80000132+0x00000001=0x80000133
0x800000c8:jal    zero,0xffff8        pc=0x800000b8,zero=0x800000cc
0x800000b8:lb     t0,0x000(a1)        t0=mem[0x80000133]=0x0000006c
0x800000bc:beq    t0,zero,0x008       (0x0000006c==0x00000000)=0->pc=0x800000c0
0x800000c0:sb     t0,0x000(a0)        mem[0x10000000]=0x6c
0x800000c4:addi   a1,a1,0x001         a1=0x80000133+0x00000001=0x80000134
0x800000c8:jal    zero,0xffff8        pc=0x800000b8,zero=0x800000cc
0x800000b8:lb     t0,0x000(a1)        t0=mem[0x80000134]=0x0000006f
0x800000bc:beq    t0,zero,0x008       (0x0000006f==0x00000000)=0->pc=0x800000c0
0x800000c0:sb     t0,0x000(a0)        mem[0x10000000]=0x6f
0x800000c4:addi   a1,a1,0x001         a1=0x80000134+0x00000001=0x80000135
0x800000c8:jal    zero,0xffff8        pc=0x800000b8,zero=0x800000cc
0x800000b8:lb     t0,0x000(a1)        t0=mem[0x80000135]=0x00000020
0x800000bc:beq    t0,zero,0x008       (0x00000020==0x00000000)=0->pc=0x800000c0
0x800000c0:sb     t0,0x000(a0)        mem[0x10000000]=0x20
0x800000c4:addi   a1,a1,0x001         a1=0x80000135+0x00000001=0x80000136
0x800000c8:jal    zero,0xffff8        pc=0x800000b8,zero=0x800000cc
0x800000b8:lb     t0,0x000(a1)        t0=mem[0x80000136]=0x00000077
0x800000bc:beq    t0,zero,0x008       (0x00000077==0x00000000)=0->pc=0x800000c0
0x800000c0:sb     t0,0x000(a0)        mem[0x10000000]=0x77
0x800000c4:addi   a1,a1,0x001         a1=0x80000136+0x00000001=0x80000137
0x800000c8:jal    zero,0xffff8        pc=0x800000b8,zero=0x800000cc
0x800000b8:lb     t0,0x000(a1)        t0=mem[0x80000137]=0x0000006f
0x800000bc:beq    t0,zero,0x008       (0x0000006f==0x00000000)=0->pc=0x800000c0
0x800000c0:sb     t0,0x000(a0)        mem[0x10000000]=0x6f
0x800000c4:addi   a1,a1,0x001         a1=0x80000137+0x00000001=0x80000138
0x800000c8:jal    zero,0xffff8        pc=0x800000b8,zero=0x800000cc
0x800000b8:lb     t0,0x000(a1)        t0=mem[0x80000138]=0x00000072
0x800000bc:beq    t0,zero,0x008       (0x00000072==0x00000000)=0->pc=0x800000c0
0x800000c0:sb     t0,0x000(a0)        mem[0x10000000]=0x72
0x800000c4:addi   a1,a1,0x001         a1=0x80000138+0x00000001=0x80000139
0x800000c8:jal    zero,0xffff8        pc=0x800000b8,zero=0x800000cc
0x800000b8:lb     t0,0x000(a1)        t0=mem[0x80000139]=0x0000006c
0x800000bc:beq    t0,zero,0x008       (0x0000006c==0x00000000)=0->pc=0x800000c0
0x800000c0:sb     t0,0x000(a0)        mem[0x10000000]=0x6c
0x800000c4:addi   a1,a1,0x001         a1=0x80000139+0x00000001=0x8000013a
0x800000c8:jal    zero,0xffff8        pc=0x800000b8,zero=0x800000cc
0x800000b8:lb     t0,0x000(a1)        t0=mem[0x8000013a]=0x00000064
0x800000bc:beq    t0,zero,0x008       (0x00000064==0x00000000)=0->pc=0x800000c0
0x800000c0:sb     t0,0x000(a0)        mem[0x10000000]=0x64
0x800000c4:addi   a1,a1,0x001         a1=0x8000013a+0x00000001=0x8000013b
0x800000c8:jal    zero,0xffff8        pc=0x800000b8,zero=0x800000cc
0x800000b8:lb     t0,0x000(a1)        t0=mem[0x8000013b]=0x00000021
0x800000bc:beq    t0,zero,0x008       (0x00000021==0x00000000)=0->pc=0x800000c0
0x800000c0:sb     t0,0x000(a0)        mem[0x10000000]=0x21
0x800000c4:addi   a1,a1,0x001         a1=0x8000013b+0x00000001=0x8000013c
0x800000c8:jal    zero,0xffff8        pc=0x800000b8,zero=0x800000cc
0x800000b8:lb     t0,0x000(a1)        t0=mem[0x8000013c]=0x0000000a
0x800000bc:beq    t0,zero,0x008       (0x0000000a==0x00000000)=0->pc=0x800000c0
0x800000c0:sb     t0,0x000(a0)        mem[0x10000000]=0x0a
0x800000c4:addi   a1,a1,0x001         a1=0x8000013c+0x00000001=0x8000013d
0x800000c8:jal    zero,0xffff8        pc=0x800000b8,zero=0x800000cc
0x800000b8:lb     t0,0x000(a1)        t0=mem[0x8000013d]=0x00000000
0x800000bc:beq    t0,zero,0x008       (0x00000000==0x00000000)=1->pc=0x800000cc
0x800000cc:jalr   zero,ra,0x000       pc=0x80000120+0x00000000,zero=0x800000d0
0x80000120:lw     ra,0x000(sp)        ra=mem[0x80007ff0]=0x800000b0
0x80000124:addi   sp,sp,0x010         sp=0x80007ff0+0x00000010=0x80008000
0x80000128:addi   a0,zero,0x000       a0=0x00000000+0x00000000=0x00000000
0x8000012c:jalr   zero,ra,0x000       pc=0x800000b0+0x00000000,zero=0x80000130
0x800000b0:jal    zero,0xfffd8        pc=0x80000060,zero=0x800000b4
0x80000060:addi   sp,sp,0xff0         sp=0x80008000+0xfffffff0=0x80007ff0
0x80000064:sw     a0,0x004(sp)        mem[0x80007ff4]=0x00000000
0x80000068:addi   a0,zero,0x020       a0=0x00000000+0x00000020=0x00000020
0x8000006c:lui    a1,0x00020          a1=0x00020000
0x80000070:addi   a1,a1,0x026         a1=0x00020000+0x00000026=0x00020026
0x80000074:sw     a1,0x000(sp)        mem[0x80007ff0]=0x00020026
0x80000078:add    a1,zero,sp          a1=0x00000000+0x80007ff0=0x80007ff0
0x8000007c:jal    ra,0x0000a          pc=0x80000090,ra=0x80000080
0x80000090:slli   zero,zero,31        zero=0x00000000<<31=0x00000000
0x80000094:ebreak
